<?xml version="1.0" encoding="UTF-8"?>
<testsuite xmlns:xsi="http://www.w3.org/2001/XMLSchema-instance" xsi:noNamespaceSchemaLocation="https://maven.apache.org/surefire/maven-surefire-plugin/xsd/surefire-test-report-3.0.xsd" version="3.0" name="com.example.sonar.ai.service.CodeExtractorServiceTest" time="0.168" tests="6" errors="0" skipped="0" failures="0">
  <properties>
[...]
</properties>
  <testcase name="testClassDeclarationExtraction" classname="com.example.sonar.ai.service.CodeExtractorServiceTest" time="0.099">
    <system-err><![CDATA[INFO: Found 1 Java files.
INFO: Total rules to check: 1
INFO: Total candidates extracted: 2
]]></system-err>
  </testcase>
  <testcase name="testClassJavadocExtraction_ScenarioUserReported" classname="com.example.sonar.ai.service.CodeExtractorServiceTest" time="0.016">
    <system-err><![CDATA[INFO: Found 1 Java files.
INFO: Total rules to check: 1
INFO: Total candidates extracted: 2
]]></system-err>
  </testcase>
  <testcase name="testJsonOutputFormat" classname="com.example.sonar.ai.service.CodeExtractorServiceTest" time="0.021">
    <system-out><![CDATA[--- 模拟的 JSON 输出 ---
[
  {
    "ruleId": "M001",
    "ruleDesc": "Method Name Check",
    "ruleCriteria": "Method name must follow camelCase.",
    "ruleContext": "Context",
    "file": "/tmp/test-source15958346433356869501/Demo.java",
    "line": 6,
    "code": "public void run()",
    "name": "run"
  }
]
]]></system-out>
    <system-err><![CDATA[INFO: Found 1 Java files.
INFO: Total rules to check: 1
INFO: Total candidates extracted: 1
]]></system-err>
  </testcase>
  <testcase name="testMethodJavadocExtraction" classname="com.example.sonar.ai.service.CodeExtractorServiceTest" time="0.004">
    <system-err><![CDATA[INFO: Found 1 Java files.
INFO: Total rules to check: 1
INFO: Total candidates extracted: 1
]]></system-err>
  </testcase>
  <testcase name="testMethodDeclarationExtraction_withAnnotation" classname="com.example.sonar.ai.service.CodeExtractorServiceTest" time="0.004">
    <system-err><![CDATA[INFO: Found 1 Java files.
INFO: Total rules to check: 1
INFO: Total candidates extracted: 2
]]></system-err>
  </testcase>
  <testcase name="testClassJavadocExtraction" classname="com.example.sonar.ai.service.CodeExtractorServiceTest" time="0.001">
    <system-err><![CDATA[INFO: Found 1 Java files.
INFO: Total rules to check: 1
INFO: Total candidates extracted: 1
]]></system-err>
  </testcase>
</testsuite>